[1107/104837:ERROR:renderer_main.cc(200)] Running without renderer sandbox
[1107/104839:ERROR:audio_low_latency_output_win.cc(181)] Bailing out due to non-perfect timing.  Buffer size of 480 is not an even divisor of 1056
[1107/104839:ERROR:audio_low_latency_output_win.cc(181)] Bailing out due to non-perfect timing.  Buffer size of 480 is not an even divisor of 1056
[1107/104839:ERROR:gpu_video_decode_accelerator.cc(276)] HW video decode not available for profile 11
[1107/104839:ERROR:gpu_video_decode_accelerator.cc(276)] HW video decode not available for profile 11
[1107/104841:ERROR:audio_output_device.cc(261)] IO loop going away before the audio device has been stopped
[1107/104841:ERROR:audio_output_device.cc(261)] IO loop going away before the audio device has been stopped
[1107/104841:ERROR:audio_output_device.cc(261)] IO loop going away before the audio device has been stopped
[1108/143302:ERROR:renderer_main.cc(200)] Running without renderer sandbox
[1108/143304:ERROR:audio_low_latency_output_win.cc(181)] Bailing out due to non-perfect timing.  Buffer size of 480 is not an even divisor of 1056
[1108/143304:ERROR:audio_low_latency_output_win.cc(181)] Bailing out due to non-perfect timing.  Buffer size of 480 is not an even divisor of 1056
[1108/143305:ERROR:gpu_video_decode_accelerator.cc(276)] HW video decode not available for profile 11
[1108/143305:ERROR:gpu_video_decode_accelerator.cc(276)] HW video decode not available for profile 11
[1108/143305:ERROR:audio_output_device.cc(261)] IO loop going away before the audio device has been stopped
[1108/143305:ERROR:audio_output_device.cc(261)] IO loop going away before the audio device has been stopped
[1108/143305:ERROR:audio_output_device.cc(261)] IO loop going away before the audio device has been stopped
[1109/142544:ERROR:renderer_main.cc(200)] Running without renderer sandbox
[1109/142609:ERROR:renderer_main.cc(200)] Running without renderer sandbox
[1109/142611:ERROR:audio_low_latency_output_win.cc(181)] Bailing out due to non-perfect timing.  Buffer size of 480 is not an even divisor of 1056
[1109/142611:ERROR:audio_low_latency_output_win.cc(181)] Bailing out due to non-perfect timing.  Buffer size of 480 is not an even divisor of 1056
[1109/142627:ERROR:audio_output_device.cc(261)] IO loop going away before the audio device has been stopped
[1109/142627:ERROR:audio_output_device.cc(261)] IO loop going away before the audio device has been stopped
[1109/142627:ERROR:audio_output_device.cc(261)] IO loop going away before the audio device has been stopped
[1109/142630:ERROR:renderer_main.cc(200)] Running without renderer sandbox
[1109/142630:ERROR:audio_low_latency_output_win.cc(181)] Bailing out due to non-perfect timing.  Buffer size of 480 is not an even divisor of 1056
[1109/142630:ERROR:audio_low_latency_output_win.cc(181)] Bailing out due to non-perfect timing.  Buffer size of 480 is not an even divisor of 1056
[1109/142643:ERROR:audio_output_device.cc(261)] IO loop going away before the audio device has been stopped
[1109/142643:ERROR:audio_output_device.cc(261)] IO loop going away before the audio device has been stopped
[1109/142643:ERROR:audio_output_device.cc(261)] IO loop going away before the audio device has been stopped
[1109/142659:ERROR:renderer_main.cc(200)] Running without renderer sandbox
[1109/142700:ERROR:audio_low_latency_output_win.cc(181)] Bailing out due to non-perfect timing.  Buffer size of 480 is not an even divisor of 1056
[1109/142700:ERROR:audio_low_latency_output_win.cc(181)] Bailing out due to non-perfect timing.  Buffer size of 480 is not an even divisor of 1056
[1109/142709:ERROR:audio_output_device.cc(261)] IO loop going away before the audio device has been stopped
[1109/142709:ERROR:audio_output_device.cc(261)] IO loop going away before the audio device has been stopped
[1109/142709:ERROR:audio_output_device.cc(261)] IO loop going away before the audio device has been stopped
[1109/142717:ERROR:renderer_main.cc(200)] Running without renderer sandbox
[1109/142718:ERROR:audio_low_latency_output_win.cc(181)] Bailing out due to non-perfect timing.  Buffer size of 480 is not an even divisor of 1056
[1109/142718:ERROR:audio_low_latency_output_win.cc(181)] Bailing out due to non-perfect timing.  Buffer size of 480 is not an even divisor of 1056
[1109/142725:ERROR:audio_output_device.cc(261)] IO loop going away before the audio device has been stopped
[1109/142725:ERROR:audio_output_device.cc(261)] IO loop going away before the audio device has been stopped
[1109/142725:ERROR:audio_output_device.cc(261)] IO loop going away before the audio device has been stopped
[1109/142728:ERROR:renderer_main.cc(200)] Running without renderer sandbox
[1109/142728:ERROR:audio_low_latency_output_win.cc(181)] Bailing out due to non-perfect timing.  Buffer size of 480 is not an even divisor of 1056
[1109/142728:ERROR:audio_low_latency_output_win.cc(181)] Bailing out due to non-perfect timing.  Buffer size of 480 is not an even divisor of 1056
[1109/142735:ERROR:audio_output_device.cc(261)] IO loop going away before the audio device has been stopped
[1109/142735:ERROR:audio_output_device.cc(261)] IO loop going away before the audio device has been stopped
[1109/142735:ERROR:audio_output_device.cc(261)] IO loop going away before the audio device has been stopped
[1109/143049:ERROR:renderer_main.cc(200)] Running without renderer sandbox
[1109/143050:ERROR:audio_low_latency_output_win.cc(181)] Bailing out due to non-perfect timing.  Buffer size of 480 is not an even divisor of 1056
[1109/143050:ERROR:audio_low_latency_output_win.cc(181)] Bailing out due to non-perfect timing.  Buffer size of 480 is not an even divisor of 1056
[1109/143050:ERROR:gpu_video_decode_accelerator.cc(276)] HW video decode not available for profile 11
[1109/143050:ERROR:gpu_video_decode_accelerator.cc(276)] HW video decode not available for profile 11
[1109/143058:ERROR:audio_output_device.cc(261)] IO loop going away before the audio device has been stopped
[1109/143058:ERROR:audio_output_device.cc(261)] IO loop going away before the audio device has been stopped
[1109/143058:ERROR:audio_output_device.cc(261)] IO loop going away before the audio device has been stopped
[1109/143101:ERROR:renderer_main.cc(200)] Running without renderer sandbox
[1109/143102:ERROR:audio_low_latency_output_win.cc(181)] Bailing out due to non-perfect timing.  Buffer size of 480 is not an even divisor of 1056
[1109/143102:ERROR:audio_low_latency_output_win.cc(181)] Bailing out due to non-perfect timing.  Buffer size of 480 is not an even divisor of 1056
[1109/143102:ERROR:gpu_video_decode_accelerator.cc(276)] HW video decode not available for profile 11
[1109/143103:ERROR:gpu_video_decode_accelerator.cc(276)] HW video decode not available for profile 11
[1109/143123:WARNING:channel.cc(315)] RawChannel write error
[1109/143123:ERROR:audio_output_device.cc(261)] IO loop going away before the audio device has been stopped
[1109/143123:ERROR:audio_output_device.cc(261)] IO loop going away before the audio device has been stopped
[1109/143123:ERROR:audio_output_device.cc(261)] IO loop going away before the audio device has been stopped
[1109/143532:ERROR:renderer_main.cc(200)] Running without renderer sandbox
[1109/143533:ERROR:audio_low_latency_output_win.cc(181)] Bailing out due to non-perfect timing.  Buffer size of 480 is not an even divisor of 1056
[1109/143533:ERROR:audio_low_latency_output_win.cc(181)] Bailing out due to non-perfect timing.  Buffer size of 480 is not an even divisor of 1056
[1109/143533:ERROR:gpu_video_decode_accelerator.cc(276)] HW video decode not available for profile 11
[1109/143533:ERROR:gpu_video_decode_accelerator.cc(276)] HW video decode not available for profile 11
[1109/143541:ERROR:audio_output_device.cc(261)] IO loop going away before the audio device has been stopped
[1109/143541:ERROR:audio_output_device.cc(261)] IO loop going away before the audio device has been stopped
[1109/143541:ERROR:audio_output_device.cc(261)] IO loop going away before the audio device has been stopped
[1110/092113:ERROR:renderer_main.cc(200)] Running without renderer sandbox
[1110/092114:ERROR:audio_low_latency_output_win.cc(181)] Bailing out due to non-perfect timing.  Buffer size of 480 is not an even divisor of 1056
[1110/092114:ERROR:audio_low_latency_output_win.cc(181)] Bailing out due to non-perfect timing.  Buffer size of 480 is not an even divisor of 1056
[1110/092114:ERROR:gpu_video_decode_accelerator.cc(276)] HW video decode not available for profile 11
[1110/092115:ERROR:gpu_video_decode_accelerator.cc(276)] HW video decode not available for profile 11
[1110/092134:ERROR:gpu_video_decode_accelerator.cc(276)] HW video decode not available for profile 11
[1110/092145:WARNING:channel.cc(315)] RawChannel write error
[1110/092145:ERROR:audio_output_device.cc(261)] IO loop going away before the audio device has been stopped
[1110/092145:ERROR:audio_output_device.cc(261)] IO loop going away before the audio device has been stopped
[1110/092145:ERROR:audio_output_device.cc(261)] IO loop going away before the audio device has been stopped
[1110/123120:ERROR:renderer_main.cc(200)] Running without renderer sandbox
[1110/123121:ERROR:audio_low_latency_output_win.cc(181)] Bailing out due to non-perfect timing.  Buffer size of 480 is not an even divisor of 1056
[1110/123121:ERROR:audio_low_latency_output_win.cc(181)] Bailing out due to non-perfect timing.  Buffer size of 480 is not an even divisor of 1056
[1110/123121:ERROR:gpu_video_decode_accelerator.cc(276)] HW video decode not available for profile 11
[1110/123121:ERROR:gpu_video_decode_accelerator.cc(276)] HW video decode not available for profile 11
[1110/123127:ERROR:audio_output_device.cc(261)] IO loop going away before the audio device has been stopped
[1110/123127:ERROR:audio_output_device.cc(261)] IO loop going away before the audio device has been stopped
[1110/123127:ERROR:audio_output_device.cc(261)] IO loop going away before the audio device has been stopped
[1115/103325:ERROR:renderer_main.cc(200)] Running without renderer sandbox
[1115/103341:FATAL:gamepad_shared_memory_reader.cc(27)] Check failed: RenderThread::Get()->Send(new GamepadHostMsg_StartPolling( &renderer_shared_memory_handle_)). 
[1115/103546:ERROR:renderer_main.cc(200)] Running without renderer sandbox
[1115/103548:ERROR:audio_low_latency_output_win.cc(181)] Bailing out due to non-perfect timing.  Buffer size of 480 is not an even divisor of 1056
[1115/103548:ERROR:audio_low_latency_output_win.cc(181)] Bailing out due to non-perfect timing.  Buffer size of 480 is not an even divisor of 1056
[1115/103548:ERROR:gpu_video_decode_accelerator.cc(276)] HW video decode not available for profile 11
[1115/103549:ERROR:gpu_video_decode_accelerator.cc(276)] HW video decode not available for profile 11
[1115/103550:INFO:raw_input_data_fetcher_win.cc(101)] RegisterRawInputDevices() failed for RIDEV_REMOVE: The parameter is incorrect. (0x57)
[1121/054737:ERROR:renderer_main.cc(200)] Running without renderer sandbox
[1121/054740:ERROR:audio_low_latency_output_win.cc(181)] Bailing out due to non-perfect timing.  Buffer size of 480 is not an even divisor of 1056
[1121/054740:ERROR:audio_low_latency_output_win.cc(181)] Bailing out due to non-perfect timing.  Buffer size of 480 is not an even divisor of 1056
[1121/054740:ERROR:gpu_video_decode_accelerator.cc(276)] HW video decode not available for profile 11
[1121/054740:ERROR:gpu_video_decode_accelerator.cc(276)] HW video decode not available for profile 11
[1121/054753:INFO:raw_input_data_fetcher_win.cc(101)] RegisterRawInputDevices() failed for RIDEV_REMOVE: The parameter is incorrect. (0x57)
[1129/070041:ERROR:renderer_main.cc(200)] Running without renderer sandbox
[1129/070043:ERROR:audio_low_latency_output_win.cc(181)] Bailing out due to non-perfect timing.  Buffer size of 480 is not an even divisor of 1056
[1129/070043:ERROR:audio_low_latency_output_win.cc(181)] Bailing out due to non-perfect timing.  Buffer size of 480 is not an even divisor of 1056
[1129/070045:ERROR:renderer_main.cc(200)] Running without renderer sandbox
[1129/070046:ERROR:CONSOLE(1364)] "TypeError: Cannot read property 'scriptId' of null TypeError: Cannot read property 'scriptId' of null
    at Object.WebInspector.PresentationConsoleMessageHelper._parsedScriptSource (chrome-devtools://devtools/inspector.js:8169:201)
    at Object.WebInspector.Object.dispatchEventToListeners (chrome-devtools://devtools/inspector.js:744:185)
    at Object.WebInspector.DebuggerModel._parsedScriptSource (chrome-devtools://devtools/inspector.js:5029:6)
    at Object.WebInspector.DebuggerDispatcher.scriptParsed (chrome-devtools://devtools/inspector.js:5073:22)
    at Object.InspectorBackendClass.DispatcherPrototype.dispatch (chrome-devtools://devtools/inspector.js:3813:63)
    at Object.InspectorBackendClass.Connection.dispatch (chrome-devtools://devtools/inspector.js:3722:31)
    at Object.InspectorBackendClass.MainConnection._dispatchMessage (chrome-devtools://devtools/inspector.js:3743:7)
    at Object.WebInspector.Object.dispatchEventToListeners (chrome-devtools://devtools/inspector.js:744:185)
    at innerDispatch (chrome-devtools://devtools/inspector.js:1364:58)
    at Object.InspectorFrontendAPIImpl._dispatch (chrome-devtools://devtools/inspector.js:1363:1)", source: chrome-devtools://devtools/inspector.js (1364)
[1129/070104:INFO:raw_input_data_fetcher_win.cc(101)] RegisterRawInputDevices() failed for RIDEV_REMOVE: The parameter is incorrect. (0x57)
[1129/070217:ERROR:renderer_main.cc(200)] Running without renderer sandbox
[1129/070218:ERROR:audio_low_latency_output_win.cc(181)] Bailing out due to non-perfect timing.  Buffer size of 480 is not an even divisor of 1056
[1129/070218:ERROR:audio_low_latency_output_win.cc(181)] Bailing out due to non-perfect timing.  Buffer size of 480 is not an even divisor of 1056
[1129/070218:ERROR:gpu_video_decode_accelerator.cc(276)] HW video decode not available for profile 11
[1129/070218:ERROR:gpu_video_decode_accelerator.cc(276)] HW video decode not available for profile 11
[1129/070220:ERROR:renderer_main.cc(200)] Running without renderer sandbox
[1129/070221:ERROR:CONSOLE(1364)] "TypeError: Cannot read property 'scriptId' of null TypeError: Cannot read property 'scriptId' of null
    at Object.WebInspector.PresentationConsoleMessageHelper._parsedScriptSource (chrome-devtools://devtools/inspector.js:8169:201)
    at Object.WebInspector.Object.dispatchEventToListeners (chrome-devtools://devtools/inspector.js:744:185)
    at Object.WebInspector.DebuggerModel._parsedScriptSource (chrome-devtools://devtools/inspector.js:5029:6)
    at Object.WebInspector.DebuggerDispatcher.scriptParsed (chrome-devtools://devtools/inspector.js:5073:22)
    at Object.InspectorBackendClass.DispatcherPrototype.dispatch (chrome-devtools://devtools/inspector.js:3813:63)
    at Object.InspectorBackendClass.Connection.dispatch (chrome-devtools://devtools/inspector.js:3722:31)
    at Object.InspectorBackendClass.MainConnection._dispatchMessage (chrome-devtools://devtools/inspector.js:3743:7)
    at Object.WebInspector.Object.dispatchEventToListeners (chrome-devtools://devtools/inspector.js:744:185)
    at innerDispatch (chrome-devtools://devtools/inspector.js:1364:58)
    at Object.InspectorFrontendAPIImpl._dispatch (chrome-devtools://devtools/inspector.js:1363:1)", source: chrome-devtools://devtools/inspector.js (1364)
[1129/070239:INFO:raw_input_data_fetcher_win.cc(101)] RegisterRawInputDevices() failed for RIDEV_REMOVE: The parameter is incorrect. (0x57)
[1129/092417:ERROR:renderer_main.cc(200)] Running without renderer sandbox
[1129/092418:ERROR:audio_low_latency_output_win.cc(181)] Bailing out due to non-perfect timing.  Buffer size of 480 is not an even divisor of 1056
[1129/092418:ERROR:audio_low_latency_output_win.cc(181)] Bailing out due to non-perfect timing.  Buffer size of 480 is not an even divisor of 1056
[1129/092419:ERROR:gpu_video_decode_accelerator.cc(276)] HW video decode not available for profile 11
[1129/092419:ERROR:gpu_video_decode_accelerator.cc(276)] HW video decode not available for profile 11
[1129/092420:ERROR:renderer_main.cc(200)] Running without renderer sandbox
[1129/092421:ERROR:CONSOLE(1364)] "TypeError: Cannot read property 'scriptId' of null TypeError: Cannot read property 'scriptId' of null
    at Object.WebInspector.PresentationConsoleMessageHelper._parsedScriptSource (chrome-devtools://devtools/inspector.js:8169:201)
    at Object.WebInspector.Object.dispatchEventToListeners (chrome-devtools://devtools/inspector.js:744:185)
    at Object.WebInspector.DebuggerModel._parsedScriptSource (chrome-devtools://devtools/inspector.js:5029:6)
    at Object.WebInspector.DebuggerDispatcher.scriptParsed (chrome-devtools://devtools/inspector.js:5073:22)
    at Object.InspectorBackendClass.DispatcherPrototype.dispatch (chrome-devtools://devtools/inspector.js:3813:63)
    at Object.InspectorBackendClass.Connection.dispatch (chrome-devtools://devtools/inspector.js:3722:31)
    at Object.InspectorBackendClass.MainConnection._dispatchMessage (chrome-devtools://devtools/inspector.js:3743:7)
    at Object.WebInspector.Object.dispatchEventToListeners (chrome-devtools://devtools/inspector.js:744:185)
    at innerDispatch (chrome-devtools://devtools/inspector.js:1364:58)
    at Object.InspectorFrontendAPIImpl._dispatch (chrome-devtools://devtools/inspector.js:1363:1)", source: chrome-devtools://devtools/inspector.js (1364)
[1129/092429:INFO:raw_input_data_fetcher_win.cc(101)] RegisterRawInputDevices() failed for RIDEV_REMOVE: The parameter is incorrect. (0x57)
